Determining if the pthread_create exist failed with the following output:
Change Dir: /home/taihejin/HomeTime/cmake/chapter9/third-party/googletest-release-1.7.0/build/CMakeFiles/CMakeTmp

Run Build Command:/usr/bin/make "cmTryCompileExec2329115344/fast"
/usr/bin/make -f CMakeFiles/cmTryCompileExec2329115344.dir/build.make CMakeFiles/cmTryCompileExec2329115344.dir/build
make[1]: Entering directory `/home/taihejin/HomeTime/cmake/chapter9/third-party/googletest-release-1.7.0/build/CMakeFiles/CMakeTmp'
/usr/bin/cmake -E cmake_progress_report /home/taihejin/HomeTime/cmake/chapter9/third-party/googletest-release-1.7.0/build/CMakeFiles/CMakeTmp/CMakeFiles 1
Building C object CMakeFiles/cmTryCompileExec2329115344.dir/CheckSymbolExists.c.o
/usr/bin/cc    -o CMakeFiles/cmTryCompileExec2329115344.dir/CheckSymbolExists.c.o   -c /home/taihejin/HomeTime/cmake/chapter9/third-party/googletest-release-1.7.0/build/CMakeFiles/CMakeTmp/CheckSymbolExists.c
Linking C executable cmTryCompileExec2329115344
/usr/bin/cmake -E cmake_link_script CMakeFiles/cmTryCompileExec2329115344.dir/link.txt --verbose=1
/usr/bin/cc       CMakeFiles/cmTryCompileExec2329115344.dir/CheckSymbolExists.c.o  -o cmTryCompileExec2329115344 -rdynamic 
CMakeFiles/cmTryCompileExec2329115344.dir/CheckSymbolExists.c.o: In function `main':
CheckSymbolExists.c:(.text+0x16): undefined reference to `pthread_create'
collect2: error: ld returned 1 exit status
make[1]: *** [cmTryCompileExec2329115344] Error 1
make[1]: Leaving directory `/home/taihejin/HomeTime/cmake/chapter9/third-party/googletest-release-1.7.0/build/CMakeFiles/CMakeTmp'
make: *** [cmTryCompileExec2329115344/fast] Error 2

File /home/taihejin/HomeTime/cmake/chapter9/third-party/googletest-release-1.7.0/build/CMakeFiles/CMakeTmp/CheckSymbolExists.c:
/* */
#include <pthread.h>

int main(int argc, char** argv)
{
  (void)argv;
#ifndef pthread_create
  return ((int*)(&pthread_create))[argc];
#else
  (void)argc;
  return 0;
#endif
}

Determining if the function pthread_create exists in the pthreads failed with the following output:
Change Dir: /home/taihejin/HomeTime/cmake/chapter9/third-party/googletest-release-1.7.0/build/CMakeFiles/CMakeTmp

Run Build Command:/usr/bin/make "cmTryCompileExec2856619952/fast"
/usr/bin/make -f CMakeFiles/cmTryCompileExec2856619952.dir/build.make CMakeFiles/cmTryCompileExec2856619952.dir/build
make[1]: Entering directory `/home/taihejin/HomeTime/cmake/chapter9/third-party/googletest-release-1.7.0/build/CMakeFiles/CMakeTmp'
/usr/bin/cmake -E cmake_progress_report /home/taihejin/HomeTime/cmake/chapter9/third-party/googletest-release-1.7.0/build/CMakeFiles/CMakeTmp/CMakeFiles 1
Building C object CMakeFiles/cmTryCompileExec2856619952.dir/CheckFunctionExists.c.o
/usr/bin/cc   -DCHECK_FUNCTION_EXISTS=pthread_create   -o CMakeFiles/cmTryCompileExec2856619952.dir/CheckFunctionExists.c.o   -c /usr/share/cmake-2.8/Modules/CheckFunctionExists.c
Linking C executable cmTryCompileExec2856619952
/usr/bin/cmake -E cmake_link_script CMakeFiles/cmTryCompileExec2856619952.dir/link.txt --verbose=1
/usr/bin/cc   -DCHECK_FUNCTION_EXISTS=pthread_create    CMakeFiles/cmTryCompileExec2856619952.dir/CheckFunctionExists.c.o  -o cmTryCompileExec2856619952 -rdynamic -lpthreads 
/usr/bin/ld: cannot find -lpthreads
collect2: error: ld returned 1 exit status
make[1]: *** [cmTryCompileExec2856619952] Error 1
make[1]: Leaving directory `/home/taihejin/HomeTime/cmake/chapter9/third-party/googletest-release-1.7.0/build/CMakeFiles/CMakeTmp'
make: *** [cmTryCompileExec2856619952/fast] Error 2


